Warning: you requested the nanomsg event logger, but bmv2 was compiled without -DBMELOG, and the event logger cannot be activated
Calling target program-options parser
[10:12:57.190] [bmv2] [D] [thread 5569] Set default default entry for table 'MyIngress.l2_forwarding': NoAction - 
Adding interface s1-eth1 as port 1
[10:12:57.191] [bmv2] [D] [thread 5569] Adding interface s1-eth1 as port 1
Adding interface s1-eth2 as port 2
[10:12:57.242] [bmv2] [D] [thread 5569] Adding interface s1-eth2 as port 2
Adding interface s1-eth3 as port 3
[10:12:57.319] [bmv2] [D] [thread 5569] Adding interface s1-eth3 as port 3
Adding interface s1-eth4 as port 4
[10:12:57.365] [bmv2] [D] [thread 5569] Adding interface s1-eth4 as port 4
[10:12:57.433] [bmv2] [I] [thread 5569] Starting Thrift server on port 9090
[10:12:57.433] [bmv2] [I] [thread 5569] Thrift server was started
[10:12:57.434] [bmv2] [D] [thread 5575] [0.0] [cxt 0] Processing packet received on port 1
[10:12:57.434] [bmv2] [D] [thread 5575] [0.0] [cxt 0] Parser 'parser': start
[10:12:57.434] [bmv2] [D] [thread 5575] [0.0] [cxt 0] Parser 'parser' entering state 'start'
[10:12:57.434] [bmv2] [D] [thread 5575] [0.0] [cxt 0] Extracting header 'ethernet'
[10:12:57.434] [bmv2] [D] [thread 5575] [0.0] [cxt 0] Parser state 'start' has no switch, going to default next state
[10:12:57.434] [bmv2] [T] [thread 5575] [0.0] [cxt 0] Bytes parsed: 14
[10:12:57.434] [bmv2] [D] [thread 5575] [0.0] [cxt 0] Parser 'parser': end
[10:12:57.434] [bmv2] [D] [thread 5575] [0.0] [cxt 0] Pipeline 'ingress': start
[10:12:57.434] [bmv2] [T] [thread 5575] [0.0] [cxt 0] Applying table 'MyIngress.l2_forwarding'
[10:12:57.434] [bmv2] [D] [thread 5575] [0.0] [cxt 0] Looking up key:
* hdr.ethernet.dstAddr: 333300000016

[10:12:57.434] [bmv2] [D] [thread 5575] [0.0] [cxt 0] Table 'MyIngress.l2_forwarding': miss
[10:12:57.434] [bmv2] [D] [thread 5575] [0.0] [cxt 0] Action entry is NoAction - 
[10:12:57.434] [bmv2] [T] [thread 5575] [0.0] [cxt 0] Action NoAction
[10:12:57.434] [bmv2] [D] [thread 5575] [0.0] [cxt 0] Pipeline 'ingress': end
[10:12:57.434] [bmv2] [D] [thread 5575] [0.0] [cxt 0] Egress port is 0
[10:12:57.434] [bmv2] [D] [thread 5576] [0.0] [cxt 0] Pipeline 'egress': start
[10:12:57.434] [bmv2] [D] [thread 5576] [0.0] [cxt 0] Pipeline 'egress': end
[10:12:57.434] [bmv2] [D] [thread 5576] [0.0] [cxt 0] Deparser 'deparser': start
[10:12:57.434] [bmv2] [D] [thread 5576] [0.0] [cxt 0] Deparsing header 'ethernet'
[10:12:57.434] [bmv2] [D] [thread 5576] [0.0] [cxt 0] Deparser 'deparser': end
[10:12:57.434] [bmv2] [D] [thread 5580] [0.0] [cxt 0] Transmitting packet of size 90 out of port 0
[10:12:57.676] [bmv2] [D] [thread 5575] [1.0] [cxt 0] Processing packet received on port 1
[10:12:57.676] [bmv2] [D] [thread 5575] [1.0] [cxt 0] Parser 'parser': start
[10:12:57.676] [bmv2] [D] [thread 5575] [1.0] [cxt 0] Parser 'parser' entering state 'start'
[10:12:57.676] [bmv2] [D] [thread 5575] [1.0] [cxt 0] Extracting header 'ethernet'
[10:12:57.676] [bmv2] [D] [thread 5575] [1.0] [cxt 0] Parser state 'start' has no switch, going to default next state
[10:12:57.676] [bmv2] [T] [thread 5575] [1.0] [cxt 0] Bytes parsed: 14
[10:12:57.676] [bmv2] [D] [thread 5575] [1.0] [cxt 0] Parser 'parser': end
[10:12:57.676] [bmv2] [D] [thread 5575] [1.0] [cxt 0] Pipeline 'ingress': start
[10:12:57.677] [bmv2] [T] [thread 5575] [1.0] [cxt 0] Applying table 'MyIngress.l2_forwarding'
[10:12:57.677] [bmv2] [D] [thread 5575] [1.0] [cxt 0] Looking up key:
* hdr.ethernet.dstAddr: 3333ff000001

[10:12:57.677] [bmv2] [D] [thread 5575] [1.0] [cxt 0] Table 'MyIngress.l2_forwarding': miss
[10:12:57.677] [bmv2] [D] [thread 5575] [1.0] [cxt 0] Action entry is NoAction - 
[10:12:57.677] [bmv2] [T] [thread 5575] [1.0] [cxt 0] Action NoAction
[10:12:57.677] [bmv2] [D] [thread 5575] [1.0] [cxt 0] Pipeline 'ingress': end
[10:12:57.677] [bmv2] [D] [thread 5575] [1.0] [cxt 0] Egress port is 0
[10:12:57.677] [bmv2] [D] [thread 5576] [1.0] [cxt 0] Pipeline 'egress': start
[10:12:57.677] [bmv2] [D] [thread 5576] [1.0] [cxt 0] Pipeline 'egress': end
[10:12:57.677] [bmv2] [D] [thread 5576] [1.0] [cxt 0] Deparser 'deparser': start
[10:12:57.677] [bmv2] [D] [thread 5576] [1.0] [cxt 0] Deparsing header 'ethernet'
[10:12:57.677] [bmv2] [D] [thread 5576] [1.0] [cxt 0] Deparser 'deparser': end
[10:12:57.677] [bmv2] [D] [thread 5580] [1.0] [cxt 0] Transmitting packet of size 78 out of port 0
[10:12:57.785] [bmv2] [D] [thread 5575] [2.0] [cxt 0] Processing packet received on port 3
[10:12:57.785] [bmv2] [D] [thread 5575] [2.0] [cxt 0] Parser 'parser': start
[10:12:57.785] [bmv2] [D] [thread 5575] [2.0] [cxt 0] Parser 'parser' entering state 'start'
[10:12:57.785] [bmv2] [D] [thread 5575] [2.0] [cxt 0] Extracting header 'ethernet'
[10:12:57.785] [bmv2] [D] [thread 5575] [2.0] [cxt 0] Parser state 'start' has no switch, going to default next state
[10:12:57.785] [bmv2] [T] [thread 5575] [2.0] [cxt 0] Bytes parsed: 14
[10:12:57.785] [bmv2] [D] [thread 5575] [2.0] [cxt 0] Parser 'parser': end
[10:12:57.785] [bmv2] [D] [thread 5575] [2.0] [cxt 0] Pipeline 'ingress': start
[10:12:57.785] [bmv2] [T] [thread 5575] [2.0] [cxt 0] Applying table 'MyIngress.l2_forwarding'
[10:12:57.785] [bmv2] [D] [thread 5575] [2.0] [cxt 0] Looking up key:
* hdr.ethernet.dstAddr: 333300000016

[10:12:57.785] [bmv2] [D] [thread 5575] [2.0] [cxt 0] Table 'MyIngress.l2_forwarding': miss
[10:12:57.785] [bmv2] [D] [thread 5575] [2.0] [cxt 0] Action entry is NoAction - 
[10:12:57.785] [bmv2] [T] [thread 5575] [2.0] [cxt 0] Action NoAction
[10:12:57.785] [bmv2] [D] [thread 5575] [2.0] [cxt 0] Pipeline 'ingress': end
[10:12:57.785] [bmv2] [D] [thread 5575] [2.0] [cxt 0] Egress port is 0
[10:12:57.785] [bmv2] [D] [thread 5575] [3.0] [cxt 0] Processing packet received on port 3
[10:12:57.785] [bmv2] [D] [thread 5575] [3.0] [cxt 0] Parser 'parser': start
[10:12:57.785] [bmv2] [D] [thread 5575] [3.0] [cxt 0] Parser 'parser' entering state 'start'
[10:12:57.785] [bmv2] [D] [thread 5575] [3.0] [cxt 0] Extracting header 'ethernet'
[10:12:57.786] [bmv2] [D] [thread 5575] [3.0] [cxt 0] Parser state 'start' has no switch, going to default next state
[10:12:57.786] [bmv2] [D] [thread 5576] [2.0] [cxt 0] Pipeline 'egress': start
[10:12:57.786] [bmv2] [T] [thread 5575] [3.0] [cxt 0] Bytes parsed: 14
[10:12:57.786] [bmv2] [D] [thread 5576] [2.0] [cxt 0] Pipeline 'egress': end
[10:12:57.786] [bmv2] [D] [thread 5576] [2.0] [cxt 0] Deparser 'deparser': start
[10:12:57.786] [bmv2] [D] [thread 5575] [3.0] [cxt 0] Parser 'parser': end
[10:12:57.786] [bmv2] [D] [thread 5576] [2.0] [cxt 0] Deparsing header 'ethernet'
[10:12:57.786] [bmv2] [D] [thread 5576] [2.0] [cxt 0] Deparser 'deparser': end
[10:12:57.786] [bmv2] [D] [thread 5575] [3.0] [cxt 0] Pipeline 'ingress': start
[10:12:57.786] [bmv2] [T] [thread 5575] [3.0] [cxt 0] Applying table 'MyIngress.l2_forwarding'
[10:12:57.786] [bmv2] [D] [thread 5580] [2.0] [cxt 0] Transmitting packet of size 90 out of port 0
[10:12:57.786] [bmv2] [D] [thread 5575] [3.0] [cxt 0] Looking up key:
* hdr.ethernet.dstAddr: 3333ff000003

[10:12:57.786] [bmv2] [D] [thread 5575] [3.0] [cxt 0] Table 'MyIngress.l2_forwarding': miss
[10:12:57.786] [bmv2] [D] [thread 5575] [3.0] [cxt 0] Action entry is NoAction - 
[10:12:57.786] [bmv2] [T] [thread 5575] [3.0] [cxt 0] Action NoAction
[10:12:57.786] [bmv2] [D] [thread 5575] [3.0] [cxt 0] Pipeline 'ingress': end
[10:12:57.786] [bmv2] [D] [thread 5575] [3.0] [cxt 0] Egress port is 0
[10:12:57.786] [bmv2] [D] [thread 5576] [3.0] [cxt 0] Pipeline 'egress': start
[10:12:57.786] [bmv2] [D] [thread 5576] [3.0] [cxt 0] Pipeline 'egress': end
[10:12:57.786] [bmv2] [D] [thread 5576] [3.0] [cxt 0] Deparser 'deparser': start
[10:12:57.786] [bmv2] [D] [thread 5576] [3.0] [cxt 0] Deparsing header 'ethernet'
[10:12:57.786] [bmv2] [D] [thread 5576] [3.0] [cxt 0] Deparser 'deparser': end
[10:12:57.786] [bmv2] [D] [thread 5580] [3.0] [cxt 0] Transmitting packet of size 78 out of port 0
[10:12:57.945] [bmv2] [D] [thread 5575] [4.0] [cxt 0] Processing packet received on port 4
[10:12:57.945] [bmv2] [D] [thread 5575] [4.0] [cxt 0] Parser 'parser': start
[10:12:57.945] [bmv2] [D] [thread 5575] [4.0] [cxt 0] Parser 'parser' entering state 'start'
[10:12:57.945] [bmv2] [D] [thread 5575] [4.0] [cxt 0] Extracting header 'ethernet'
[10:12:57.945] [bmv2] [D] [thread 5575] [4.0] [cxt 0] Parser state 'start' has no switch, going to default next state
[10:12:57.945] [bmv2] [T] [thread 5575] [4.0] [cxt 0] Bytes parsed: 14
[10:12:57.945] [bmv2] [D] [thread 5575] [4.0] [cxt 0] Parser 'parser': end
[10:12:57.945] [bmv2] [D] [thread 5575] [4.0] [cxt 0] Pipeline 'ingress': start
[10:12:57.945] [bmv2] [T] [thread 5575] [4.0] [cxt 0] Applying table 'MyIngress.l2_forwarding'
[10:12:57.945] [bmv2] [D] [thread 5575] [4.0] [cxt 0] Looking up key:
* hdr.ethernet.dstAddr: 3333ff000004

[10:12:57.945] [bmv2] [D] [thread 5575] [4.0] [cxt 0] Table 'MyIngress.l2_forwarding': miss
[10:12:57.945] [bmv2] [D] [thread 5575] [4.0] [cxt 0] Action entry is NoAction - 
[10:12:57.945] [bmv2] [T] [thread 5575] [4.0] [cxt 0] Action NoAction
[10:12:57.945] [bmv2] [D] [thread 5575] [4.0] [cxt 0] Pipeline 'ingress': end
[10:12:57.945] [bmv2] [D] [thread 5575] [4.0] [cxt 0] Egress port is 0
[10:12:57.945] [bmv2] [D] [thread 5576] [4.0] [cxt 0] Pipeline 'egress': start
[10:12:57.945] [bmv2] [D] [thread 5576] [4.0] [cxt 0] Pipeline 'egress': end
[10:12:57.945] [bmv2] [D] [thread 5576] [4.0] [cxt 0] Deparser 'deparser': start
[10:12:57.945] [bmv2] [D] [thread 5576] [4.0] [cxt 0] Deparsing header 'ethernet'
[10:12:57.945] [bmv2] [D] [thread 5576] [4.0] [cxt 0] Deparser 'deparser': end
[10:12:57.945] [bmv2] [D] [thread 5580] [4.0] [cxt 0] Transmitting packet of size 78 out of port 0
[10:12:58.062] [bmv2] [D] [thread 5575] [5.0] [cxt 0] Processing packet received on port 2
[10:12:58.062] [bmv2] [D] [thread 5575] [5.0] [cxt 0] Parser 'parser': start
[10:12:58.062] [bmv2] [D] [thread 5575] [5.0] [cxt 0] Parser 'parser' entering state 'start'
[10:12:58.062] [bmv2] [D] [thread 5575] [5.0] [cxt 0] Extracting header 'ethernet'
[10:12:58.062] [bmv2] [D] [thread 5575] [5.0] [cxt 0] Parser state 'start' has no switch, going to default next state
[10:12:58.062] [bmv2] [T] [thread 5575] [5.0] [cxt 0] Bytes parsed: 14
[10:12:58.062] [bmv2] [D] [thread 5575] [5.0] [cxt 0] Parser 'parser': end
[10:12:58.062] [bmv2] [D] [thread 5575] [5.0] [cxt 0] Pipeline 'ingress': start
[10:12:58.062] [bmv2] [T] [thread 5575] [5.0] [cxt 0] Applying table 'MyIngress.l2_forwarding'
[10:12:58.062] [bmv2] [D] [thread 5575] [5.0] [cxt 0] Looking up key:
* hdr.ethernet.dstAddr: 333300000016

[10:12:58.062] [bmv2] [D] [thread 5575] [5.0] [cxt 0] Table 'MyIngress.l2_forwarding': miss
[10:12:58.062] [bmv2] [D] [thread 5575] [5.0] [cxt 0] Action entry is NoAction - 
[10:12:58.062] [bmv2] [T] [thread 5575] [5.0] [cxt 0] Action NoAction
[10:12:58.062] [bmv2] [D] [thread 5575] [5.0] [cxt 0] Pipeline 'ingress': end
[10:12:58.062] [bmv2] [D] [thread 5575] [5.0] [cxt 0] Egress port is 0
[10:12:58.062] [bmv2] [D] [thread 5575] [6.0] [cxt 0] Processing packet received on port 2
[10:12:58.062] [bmv2] [D] [thread 5575] [6.0] [cxt 0] Parser 'parser': start
[10:12:58.062] [bmv2] [D] [thread 5575] [6.0] [cxt 0] Parser 'parser' entering state 'start'
[10:12:58.062] [bmv2] [D] [thread 5575] [6.0] [cxt 0] Extracting header 'ethernet'
[10:12:58.062] [bmv2] [D] [thread 5576] [5.0] [cxt 0] Pipeline 'egress': start
[10:12:58.062] [bmv2] [D] [thread 5576] [5.0] [cxt 0] Pipeline 'egress': end
[10:12:58.062] [bmv2] [D] [thread 5575] [6.0] [cxt 0] Parser state 'start' has no switch, going to default next state
[10:12:58.062] [bmv2] [D] [thread 5576] [5.0] [cxt 0] Deparser 'deparser': start
[10:12:58.062] [bmv2] [T] [thread 5575] [6.0] [cxt 0] Bytes parsed: 14
[10:12:58.062] [bmv2] [D] [thread 5575] [6.0] [cxt 0] Parser 'parser': end
[10:12:58.062] [bmv2] [D] [thread 5576] [5.0] [cxt 0] Deparsing header 'ethernet'
[10:12:58.062] [bmv2] [D] [thread 5575] [6.0] [cxt 0] Pipeline 'ingress': start
[10:12:58.062] [bmv2] [D] [thread 5576] [5.0] [cxt 0] Deparser 'deparser': end
[10:12:58.062] [bmv2] [T] [thread 5575] [6.0] [cxt 0] Applying table 'MyIngress.l2_forwarding'
[10:12:58.062] [bmv2] [D] [thread 5575] [6.0] [cxt 0] Looking up key:
* hdr.ethernet.dstAddr: 3333ff000002

[10:12:58.062] [bmv2] [D] [thread 5575] [6.0] [cxt 0] Table 'MyIngress.l2_forwarding': miss
[10:12:58.062] [bmv2] [D] [thread 5575] [6.0] [cxt 0] Action entry is NoAction - 
[10:12:58.062] [bmv2] [T] [thread 5575] [6.0] [cxt 0] Action NoAction
[10:12:58.062] [bmv2] [D] [thread 5580] [5.0] [cxt 0] Transmitting packet of size 90 out of port 0
[10:12:58.062] [bmv2] [D] [thread 5575] [6.0] [cxt 0] Pipeline 'ingress': end
[10:12:58.062] [bmv2] [D] [thread 5575] [6.0] [cxt 0] Egress port is 0
[10:12:58.062] [bmv2] [D] [thread 5576] [6.0] [cxt 0] Pipeline 'egress': start
[10:12:58.062] [bmv2] [D] [thread 5576] [6.0] [cxt 0] Pipeline 'egress': end
[10:12:58.062] [bmv2] [D] [thread 5576] [6.0] [cxt 0] Deparser 'deparser': start
[10:12:58.062] [bmv2] [D] [thread 5576] [6.0] [cxt 0] Deparsing header 'ethernet'
[10:12:58.062] [bmv2] [D] [thread 5576] [6.0] [cxt 0] Deparser 'deparser': end
[10:12:58.062] [bmv2] [D] [thread 5580] [6.0] [cxt 0] Transmitting packet of size 78 out of port 0
[10:13:02.998] [bmv2] [D] [thread 5575] [7.0] [cxt 0] Processing packet received on port 1
[10:13:02.998] [bmv2] [D] [thread 5575] [7.0] [cxt 0] Parser 'parser': start
[10:13:02.998] [bmv2] [D] [thread 5575] [7.0] [cxt 0] Parser 'parser' entering state 'start'
[10:13:02.998] [bmv2] [D] [thread 5575] [7.0] [cxt 0] Extracting header 'ethernet'
[10:13:02.998] [bmv2] [D] [thread 5575] [7.0] [cxt 0] Parser state 'start' has no switch, going to default next state
[10:13:02.998] [bmv2] [T] [thread 5575] [7.0] [cxt 0] Bytes parsed: 14
[10:13:02.998] [bmv2] [D] [thread 5575] [7.0] [cxt 0] Parser 'parser': end
[10:13:02.998] [bmv2] [D] [thread 5575] [7.0] [cxt 0] Pipeline 'ingress': start
[10:13:02.998] [bmv2] [T] [thread 5575] [7.0] [cxt 0] Applying table 'MyIngress.l2_forwarding'
[10:13:02.998] [bmv2] [D] [thread 5575] [7.0] [cxt 0] Looking up key:
* hdr.ethernet.dstAddr: 00000a000002

[10:13:02.998] [bmv2] [D] [thread 5575] [7.0] [cxt 0] Table 'MyIngress.l2_forwarding': miss
[10:13:02.998] [bmv2] [D] [thread 5575] [7.0] [cxt 0] Action entry is NoAction - 
[10:13:02.998] [bmv2] [T] [thread 5575] [7.0] [cxt 0] Action NoAction
[10:13:02.998] [bmv2] [D] [thread 5575] [7.0] [cxt 0] Pipeline 'ingress': end
[10:13:02.998] [bmv2] [D] [thread 5575] [7.0] [cxt 0] Egress port is 0
[10:13:02.998] [bmv2] [D] [thread 5576] [7.0] [cxt 0] Pipeline 'egress': start
[10:13:02.998] [bmv2] [D] [thread 5576] [7.0] [cxt 0] Pipeline 'egress': end
[10:13:02.998] [bmv2] [D] [thread 5576] [7.0] [cxt 0] Deparser 'deparser': start
[10:13:02.999] [bmv2] [D] [thread 5576] [7.0] [cxt 0] Deparsing header 'ethernet'
[10:13:02.999] [bmv2] [D] [thread 5576] [7.0] [cxt 0] Deparser 'deparser': end
[10:13:02.999] [bmv2] [D] [thread 5580] [7.0] [cxt 0] Transmitting packet of size 98 out of port 0
[10:13:13.011] [bmv2] [D] [thread 5575] [8.0] [cxt 0] Processing packet received on port 1
[10:13:13.011] [bmv2] [D] [thread 5575] [8.0] [cxt 0] Parser 'parser': start
[10:13:13.011] [bmv2] [D] [thread 5575] [8.0] [cxt 0] Parser 'parser' entering state 'start'
[10:13:13.012] [bmv2] [D] [thread 5575] [8.0] [cxt 0] Extracting header 'ethernet'
[10:13:13.012] [bmv2] [D] [thread 5575] [8.0] [cxt 0] Parser state 'start' has no switch, going to default next state
[10:13:13.012] [bmv2] [T] [thread 5575] [8.0] [cxt 0] Bytes parsed: 14
[10:13:13.012] [bmv2] [D] [thread 5575] [8.0] [cxt 0] Parser 'parser': end
[10:13:13.012] [bmv2] [D] [thread 5575] [8.0] [cxt 0] Pipeline 'ingress': start
[10:13:13.012] [bmv2] [T] [thread 5575] [8.0] [cxt 0] Applying table 'MyIngress.l2_forwarding'
[10:13:13.012] [bmv2] [D] [thread 5575] [8.0] [cxt 0] Looking up key:
* hdr.ethernet.dstAddr: 00000a000003

[10:13:13.012] [bmv2] [D] [thread 5575] [8.0] [cxt 0] Table 'MyIngress.l2_forwarding': miss
[10:13:13.012] [bmv2] [D] [thread 5575] [8.0] [cxt 0] Action entry is NoAction - 
[10:13:13.012] [bmv2] [T] [thread 5575] [8.0] [cxt 0] Action NoAction
[10:13:13.012] [bmv2] [D] [thread 5575] [8.0] [cxt 0] Pipeline 'ingress': end
[10:13:13.012] [bmv2] [D] [thread 5575] [8.0] [cxt 0] Egress port is 0
[10:13:13.012] [bmv2] [D] [thread 5576] [8.0] [cxt 0] Pipeline 'egress': start
[10:13:13.012] [bmv2] [D] [thread 5576] [8.0] [cxt 0] Pipeline 'egress': end
[10:13:13.012] [bmv2] [D] [thread 5576] [8.0] [cxt 0] Deparser 'deparser': start
[10:13:13.012] [bmv2] [D] [thread 5576] [8.0] [cxt 0] Deparsing header 'ethernet'
[10:13:13.012] [bmv2] [D] [thread 5576] [8.0] [cxt 0] Deparser 'deparser': end
[10:13:13.012] [bmv2] [D] [thread 5580] [8.0] [cxt 0] Transmitting packet of size 98 out of port 0
