Warning: you requested the nanomsg event logger, but bmv2 was compiled without -DBMELOG, and the event logger cannot be activated
Calling target program-options parser
[09:20:40.413] [bmv2] [D] [thread 2947] Set default default entry for table 'MyIngress.lookup_table': NoAction - 
Adding interface s1-eth1 as port 1
[09:20:40.413] [bmv2] [D] [thread 2947] Adding interface s1-eth1 as port 1
Adding interface s1-eth2 as port 2
[09:20:40.441] [bmv2] [D] [thread 2947] Adding interface s1-eth2 as port 2
[09:20:40.473] [bmv2] [I] [thread 2947] Starting Thrift server on port 9090
[09:20:40.477] [bmv2] [I] [thread 2947] Thrift server was started
[09:20:40.787] [bmv2] [D] [thread 2953] [0.0] [cxt 0] Processing packet received on port 1
[09:20:40.787] [bmv2] [D] [thread 2953] [0.0] [cxt 0] Parser 'parser': start
[09:20:40.787] [bmv2] [D] [thread 2953] [0.0] [cxt 0] Parser 'parser' entering state 'start'
[09:20:40.787] [bmv2] [D] [thread 2953] [0.0] [cxt 0] Parser state 'start' has no switch, going to default next state
[09:20:40.787] [bmv2] [T] [thread 2953] [0.0] [cxt 0] Bytes parsed: 0
[09:20:40.787] [bmv2] [D] [thread 2953] [0.0] [cxt 0] Parser 'parser': end
[09:20:40.787] [bmv2] [D] [thread 2953] [0.0] [cxt 0] Pipeline 'ingress': start
[09:20:40.787] [bmv2] [T] [thread 2953] [0.0] [cxt 0] Applying table 'MyIngress.lookup_table'
[09:20:40.787] [bmv2] [D] [thread 2953] [0.0] [cxt 0] Looking up key:
* standard_metadata.ingress_port: 0001

[09:20:40.787] [bmv2] [D] [thread 2953] [0.0] [cxt 0] Table 'MyIngress.lookup_table': miss
[09:20:40.787] [bmv2] [D] [thread 2953] [0.0] [cxt 0] Action entry is NoAction - 
[09:20:40.787] [bmv2] [T] [thread 2953] [0.0] [cxt 0] Action NoAction
[09:20:40.787] [bmv2] [D] [thread 2953] [0.0] [cxt 0] Pipeline 'ingress': end
[09:20:40.787] [bmv2] [D] [thread 2953] [0.0] [cxt 0] Egress port is 0
[09:20:40.787] [bmv2] [D] [thread 2954] [0.0] [cxt 0] Pipeline 'egress': start
[09:20:40.787] [bmv2] [D] [thread 2954] [0.0] [cxt 0] Pipeline 'egress': end
[09:20:40.787] [bmv2] [D] [thread 2954] [0.0] [cxt 0] Deparser 'deparser': start
[09:20:40.787] [bmv2] [D] [thread 2954] [0.0] [cxt 0] Deparser 'deparser': end
[09:20:40.787] [bmv2] [D] [thread 2958] [0.0] [cxt 0] Transmitting packet of size 78 out of port 0
[09:20:40.963] [bmv2] [D] [thread 2953] [1.0] [cxt 0] Processing packet received on port 1
[09:20:40.963] [bmv2] [D] [thread 2953] [1.0] [cxt 0] Parser 'parser': start
[09:20:40.963] [bmv2] [D] [thread 2953] [1.0] [cxt 0] Parser 'parser' entering state 'start'
[09:20:40.963] [bmv2] [D] [thread 2953] [1.0] [cxt 0] Parser state 'start' has no switch, going to default next state
[09:20:40.963] [bmv2] [T] [thread 2953] [1.0] [cxt 0] Bytes parsed: 0
[09:20:40.963] [bmv2] [D] [thread 2953] [1.0] [cxt 0] Parser 'parser': end
[09:20:40.963] [bmv2] [D] [thread 2953] [1.0] [cxt 0] Pipeline 'ingress': start
[09:20:40.963] [bmv2] [T] [thread 2953] [1.0] [cxt 0] Applying table 'MyIngress.lookup_table'
[09:20:40.963] [bmv2] [D] [thread 2953] [1.0] [cxt 0] Looking up key:
* standard_metadata.ingress_port: 0001

[09:20:40.963] [bmv2] [D] [thread 2953] [1.0] [cxt 0] Table 'MyIngress.lookup_table': miss
[09:20:40.963] [bmv2] [D] [thread 2953] [1.0] [cxt 0] Action entry is NoAction - 
[09:20:40.963] [bmv2] [T] [thread 2953] [1.0] [cxt 0] Action NoAction
[09:20:40.963] [bmv2] [D] [thread 2953] [1.0] [cxt 0] Pipeline 'ingress': end
[09:20:40.963] [bmv2] [D] [thread 2953] [1.0] [cxt 0] Egress port is 0
[09:20:40.963] [bmv2] [D] [thread 2954] [1.0] [cxt 0] Pipeline 'egress': start
[09:20:40.963] [bmv2] [D] [thread 2954] [1.0] [cxt 0] Pipeline 'egress': end
[09:20:40.963] [bmv2] [D] [thread 2954] [1.0] [cxt 0] Deparser 'deparser': start
[09:20:40.963] [bmv2] [D] [thread 2954] [1.0] [cxt 0] Deparser 'deparser': end
[09:20:40.963] [bmv2] [D] [thread 2958] [1.0] [cxt 0] Transmitting packet of size 90 out of port 0
[09:20:41.141] [bmv2] [D] [thread 2953] [2.0] [cxt 0] Processing packet received on port 2
[09:20:41.141] [bmv2] [D] [thread 2953] [2.0] [cxt 0] Parser 'parser': start
[09:20:41.141] [bmv2] [D] [thread 2953] [2.0] [cxt 0] Parser 'parser' entering state 'start'
[09:20:41.141] [bmv2] [D] [thread 2953] [2.0] [cxt 0] Parser state 'start' has no switch, going to default next state
[09:20:41.141] [bmv2] [T] [thread 2953] [2.0] [cxt 0] Bytes parsed: 0
[09:20:41.141] [bmv2] [D] [thread 2953] [2.0] [cxt 0] Parser 'parser': end
[09:20:41.142] [bmv2] [D] [thread 2953] [2.0] [cxt 0] Pipeline 'ingress': start
[09:20:41.142] [bmv2] [T] [thread 2953] [2.0] [cxt 0] Applying table 'MyIngress.lookup_table'
[09:20:41.142] [bmv2] [D] [thread 2953] [2.0] [cxt 0] Looking up key:
* standard_metadata.ingress_port: 0002

[09:20:41.142] [bmv2] [D] [thread 2953] [2.0] [cxt 0] Table 'MyIngress.lookup_table': miss
[09:20:41.142] [bmv2] [D] [thread 2953] [2.0] [cxt 0] Action entry is NoAction - 
[09:20:41.142] [bmv2] [T] [thread 2953] [2.0] [cxt 0] Action NoAction
[09:20:41.142] [bmv2] [D] [thread 2953] [2.0] [cxt 0] Pipeline 'ingress': end
[09:20:41.142] [bmv2] [D] [thread 2953] [2.0] [cxt 0] Egress port is 0
[09:20:41.142] [bmv2] [D] [thread 2954] [2.0] [cxt 0] Pipeline 'egress': start
[09:20:41.142] [bmv2] [D] [thread 2954] [2.0] [cxt 0] Pipeline 'egress': end
[09:20:41.142] [bmv2] [D] [thread 2954] [2.0] [cxt 0] Deparser 'deparser': start
[09:20:41.142] [bmv2] [D] [thread 2954] [2.0] [cxt 0] Deparser 'deparser': end
[09:20:41.142] [bmv2] [D] [thread 2958] [2.0] [cxt 0] Transmitting packet of size 90 out of port 0
